<?xml version="1.0" encoding="UTF-8"?>
<!-- Generated by org.testng.reporters.JUnitXMLReporter -->
<testsuite ignored="0" hostname="FARAE" failures="0" tests="7" name="Authentication Tests" time="20.151" errors="0" timestamp="2026-06-02T13:38:10 CST">
  <testcase classname="com.techexam.webdriver.tests.LoginTest" name="TC001_validLogin" time="1.016"/>
  <testcase classname="com.techexam.webdriver.tests.LoginTest" name="TC002_wrongPassword" time="0.898"/>
  <testcase classname="com.techexam.webdriver.tests.LoginTest" name="TC003_wrongUsername" time="1.3"/>
  <testcase classname="com.techexam.webdriver.tests.LoginTest" name="TC004_emptyCredentials" time="0.748"/>
  <testcase classname="com.techexam.webdriver.tests.LoginTest" name="TC005_emptyUsername" time="0.746"/>
  <testcase classname="com.techexam.webdriver.tests.LoginTest" name="TC006_emptyPassword" time="1.016"/>
  <testcase classname="com.techexam.webdriver.tests.LoginTest" name="TC007_logout" time="1.541"/>
</testsuite> <!-- Authentication Tests -->
