<?xml version="1.0" encoding="UTF-8"?>
<!-- Generated by org.testng.reporters.JUnitXMLReporter -->
<testsuite ignored="0" hostname="FARAE" failures="0" tests="3" name="Navigation Tests" time="9.414" errors="0" timestamp="2026-06-02T13:38:19 CST">
  <testcase classname="com.techexam.webdriver.tests.NavigationTest" name="TC008_homePageLoadsAfterLogin" time="0.998"/>
  <testcase classname="com.techexam.webdriver.tests.NavigationTest" name="TC009_directUrlToLoginWhileLoggedIn" time="1.39"/>
  <testcase classname="com.techexam.webdriver.tests.NavigationTest" name="TC010_pageTitlesAreNotBlank" time="1.263"/>
</testsuite> <!-- Navigation Tests -->
