<?xml version="1.0" encoding="UTF-8"?>
<!-- Generated by org.testng.reporters.JUnitReportReporter -->
<testsuite hostname="FARAE" failures="0" tests="9" name="com.techexam.webdriver.tests.LoginTest" time="26.149" errors="0" timestamp="2026-06-02T15:24:26 CST" skipped="0">
  <testcase classname="com.techexam.webdriver.tests.LoginTest" name="TC001_validLogin" time="2.555"/>
  <testcase classname="com.techexam.webdriver.tests.LoginTest" name="TC001_validLogin" time="3.360"/>
  <testcase classname="com.techexam.webdriver.tests.LoginTest" name="TC002_wrongPassword" time="2.717"/>
  <testcase classname="com.techexam.webdriver.tests.LoginTest" name="TC003_wrongUsername" time="2.726"/>
  <testcase classname="com.techexam.webdriver.tests.LoginTest" name="TC004_emptyCredentials" time="2.356"/>
  <testcase classname="com.techexam.webdriver.tests.LoginTest" name="TC005_emptyUsername" time="2.408"/>
  <testcase classname="com.techexam.webdriver.tests.LoginTest" name="TC006_emptyPassword" time="2.188"/>
  <testcase classname="com.techexam.webdriver.tests.LoginTest" name="TC007_logout" time="4.968"/>
  <testcase classname="com.techexam.webdriver.tests.LoginTest" name="TC007_logout" time="2.871"/>
</testsuite> <!-- com.techexam.webdriver.tests.LoginTest -->
