<?xml version="1.0" encoding="UTF-8"?>
<!-- Generated by org.testng.reporters.JUnitReportReporter -->
<testsuite hostname="FARAE" failures="0" tests="8" name="com.techexam.webdriver.tests.EdgeCaseTest" time="205.352" errors="0" timestamp="2026-06-02T15:24:26 CST" skipped="0">
  <testcase classname="com.techexam.webdriver.tests.EdgeCaseTest" name="EC001_whitespaceOnlyUsername" time="22.746"/>
  <testcase classname="com.techexam.webdriver.tests.EdgeCaseTest" name="EC002_whitespaceOnlyPassword" time="22.647"/>
  <testcase classname="com.techexam.webdriver.tests.EdgeCaseTest" name="EC003_caseSensitivityUsername" time="22.941"/>
  <testcase classname="com.techexam.webdriver.tests.EdgeCaseTest" name="EC004_maxLengthUsername" time="23.543"/>
  <testcase classname="com.techexam.webdriver.tests.EdgeCaseTest" name="EC005_maxLengthPassword" time="23.141"/>
  <testcase classname="com.techexam.webdriver.tests.EdgeCaseTest" name="EC006_leadingTrailingSpacesInUsername" time="22.716"/>
  <testcase classname="com.techexam.webdriver.tests.EdgeCaseTest" name="EC007_leadingTrailingValuesInUsername" time="64.505"/>
  <testcase classname="com.techexam.webdriver.tests.EdgeCaseTest" name="EC008_backButtonAfterLogout" time="3.113"/>
</testsuite> <!-- com.techexam.webdriver.tests.EdgeCaseTest -->
