<?xml version="1.0" encoding="UTF-8"?>
<!-- Generated by org.testng.reporters.JUnitReportReporter -->
<testsuite hostname="FARAE" failures="0" tests="4" name="com.techexam.webdriver.tests.NavigationTest" time="11.211" errors="0" timestamp="2026-06-02T15:24:26 CST" skipped="0">
  <testcase classname="com.techexam.webdriver.tests.NavigationTest" name="TC008_homePageLoadsAfterLogin" time="2.389"/>
  <testcase classname="com.techexam.webdriver.tests.NavigationTest" name="TC008_homePageLoadsAfterLogin" time="3.511"/>
  <testcase classname="com.techexam.webdriver.tests.NavigationTest" name="TC009_directUrlToLoginWhileLoggedIn" time="2.563"/>
  <testcase classname="com.techexam.webdriver.tests.NavigationTest" name="TC010_pageTitlesAreNotBlank" time="2.748"/>
</testsuite> <!-- com.techexam.webdriver.tests.NavigationTest -->
