<?xml version="1.0" encoding="UTF-8"?>
<!-- Generated by org.testng.reporters.JUnitXMLReporter -->
<testsuite ignored="0" hostname="FARAE" failures="0" tests="8" name="Edge Case Tests" time="205.097" errors="0" timestamp="2026-06-02T13:41:50 CST">
  <testcase classname="com.techexam.webdriver.tests.EdgeCaseTest" name="EC001_whitespaceOnlyUsername" time="21.451"/>
  <testcase classname="com.techexam.webdriver.tests.EdgeCaseTest" name="EC002_whitespaceOnlyPassword" time="20.939"/>
  <testcase classname="com.techexam.webdriver.tests.EdgeCaseTest" name="EC003_caseSensitivityUsername" time="21.216"/>
  <testcase classname="com.techexam.webdriver.tests.EdgeCaseTest" name="EC004_maxLengthUsername" time="21.412"/>
  <testcase classname="com.techexam.webdriver.tests.EdgeCaseTest" name="EC005_maxLengthPassword" time="21.974"/>
  <testcase classname="com.techexam.webdriver.tests.EdgeCaseTest" name="EC006_leadingTrailingSpacesInUsername" time="20.902"/>
  <testcase classname="com.techexam.webdriver.tests.EdgeCaseTest" name="EC007_leadingTrailingValuesInUsername" time="63.861"/>
  <testcase classname="com.techexam.webdriver.tests.EdgeCaseTest" name="EC008_backButtonAfterLogout" time="1.201"/>
</testsuite> <!-- Edge Case Tests -->
