<?xml version="1.0" encoding="UTF-8"?>
<!-- Generated by org.testng.reporters.JUnitXMLReporter -->
<testsuite ignored="0" hostname="FARAE" failures="0" tests="2" name="Form and Interaction Tests" time="5.484" errors="0" timestamp="2026-06-02T13:38:25 CST">
  <testcase classname="com.techexam.webdriver.tests.FormTest" name="TC011_userIdInputRetainsValue" time="1.437"/>
  <testcase classname="com.techexam.webdriver.tests.FormTest" name="TC012_invalidUrl" time="0.534"/>
</testsuite> <!-- Form and Interaction Tests -->
