<?xml version="1.0" encoding="UTF-8"?>
<!-- Generated by org.testng.reporters.JUnitXMLReporter -->
<testsuite ignored="9" hostname="FARAE" failures="0" tests="3" name="Smoke Tests" time="9.148" errors="0" timestamp="2026-06-02T13:37:49 CST">
  <testcase classname="com.techexam.webdriver.tests.LoginTest" name="TC001_validLogin" time="1.092"/>
  <testcase classname="com.techexam.webdriver.tests.LoginTest" name="TC007_logout" time="1.609"/>
  <testcase classname="com.techexam.webdriver.tests.NavigationTest" name="TC008_homePageLoadsAfterLogin" time="0.816"/>
  <testcase classname="com.techexam.webdriver.tests.LoginTest" name="TC005_emptyUsername" time="0.0">
    <ignored/>
  </testcase> <!-- TC005_emptyUsername -->
  <testcase classname="com.techexam.webdriver.tests.LoginTest" name="TC004_emptyCredentials" time="0.0">
    <ignored/>
  </testcase> <!-- TC004_emptyCredentials -->
  <testcase classname="com.techexam.webdriver.tests.LoginTest" name="TC003_wrongUsername" time="0.0">
    <ignored/>
  </testcase> <!-- TC003_wrongUsername -->
  <testcase classname="com.techexam.webdriver.tests.LoginTest" name="TC006_emptyPassword" time="0.0">
    <ignored/>
  </testcase> <!-- TC006_emptyPassword -->
  <testcase classname="com.techexam.webdriver.tests.NavigationTest" name="TC010_pageTitlesAreNotBlank" time="0.0">
    <ignored/>
  </testcase> <!-- TC010_pageTitlesAreNotBlank -->
  <testcase classname="com.techexam.webdriver.tests.LoginTest" name="TC002_wrongPassword" time="0.0">
    <ignored/>
  </testcase> <!-- TC002_wrongPassword -->
  <testcase classname="com.techexam.webdriver.tests.NavigationTest" name="TC009_directUrlToLoginWhileLoggedIn" time="0.0">
    <ignored/>
  </testcase> <!-- TC009_directUrlToLoginWhileLoggedIn -->
  <testcase classname="com.techexam.webdriver.base.BaseTest" name="@AfterSuite suiteTearDown" time="0.0">
    <ignored/>
  </testcase> <!-- @AfterSuite suiteTearDown -->
  <testcase classname="com.techexam.webdriver.base.BaseTest" name="@BeforeSuite suiteSetUp" time="0.0">
    <ignored/>
  </testcase> <!-- @BeforeSuite suiteSetUp -->
</testsuite> <!-- Smoke Tests -->
