<?xml version="1.0" encoding="UTF-8"?>
<!-- Generated by org.testng.reporters.JUnitReportReporter -->
<testsuite hostname="FARAE" failures="0" tests="2" name="com.techexam.webdriver.tests.FormTest" time="5.476" errors="0" timestamp="2026-06-02T13:41:50 CST" skipped="0">
  <testcase classname="com.techexam.webdriver.tests.FormTest" name="TC011_userIdInputRetainsValue" time="3.070"/>
  <testcase classname="com.techexam.webdriver.tests.FormTest" name="TC012_invalidUrl" time="2.406"/>
</testsuite> <!-- com.techexam.webdriver.tests.FormTest -->
