<?xml version="1.0" encoding="UTF-8"?>
<!-- Generated by org.testng.reporters.JUnitReportReporter -->
<testsuite hostname="FARAE" failures="0" tests="4" name="com.techexam.webdriver.tests.NavigationTest" time="11.719" errors="0" timestamp="2026-06-02T13:41:50 CST" skipped="0">
  <testcase classname="com.techexam.webdriver.tests.NavigationTest" name="TC008_homePageLoadsAfterLogin" time="2.314"/>
  <testcase classname="com.techexam.webdriver.tests.NavigationTest" name="TC008_homePageLoadsAfterLogin" time="2.812"/>
  <testcase classname="com.techexam.webdriver.tests.NavigationTest" name="TC009_directUrlToLoginWhileLoggedIn" time="3.700"/>
  <testcase classname="com.techexam.webdriver.tests.NavigationTest" name="TC010_pageTitlesAreNotBlank" time="2.893"/>
</testsuite> <!-- com.techexam.webdriver.tests.NavigationTest -->
