<?xml version="1.0" encoding="UTF-8"?>
<!-- Generated by org.testng.reporters.JUnitReportReporter -->
<testsuite hostname="FARAE" failures="0" tests="8" name="com.techexam.webdriver.tests.EdgeCaseTest" time="205.039" errors="0" timestamp="2026-06-02T13:41:50 CST" skipped="0">
  <testcase classname="com.techexam.webdriver.tests.EdgeCaseTest" name="EC001_whitespaceOnlyUsername" time="23.526"/>
  <testcase classname="com.techexam.webdriver.tests.EdgeCaseTest" name="EC002_whitespaceOnlyPassword" time="22.471"/>
  <testcase classname="com.techexam.webdriver.tests.EdgeCaseTest" name="EC003_caseSensitivityUsername" time="22.657"/>
  <testcase classname="com.techexam.webdriver.tests.EdgeCaseTest" name="EC004_maxLengthUsername" time="22.770"/>
  <testcase classname="com.techexam.webdriver.tests.EdgeCaseTest" name="EC005_maxLengthPassword" time="23.348"/>
  <testcase classname="com.techexam.webdriver.tests.EdgeCaseTest" name="EC006_leadingTrailingSpacesInUsername" time="22.407"/>
  <testcase classname="com.techexam.webdriver.tests.EdgeCaseTest" name="EC007_leadingTrailingValuesInUsername" time="65.328"/>
  <testcase classname="com.techexam.webdriver.tests.EdgeCaseTest" name="EC008_backButtonAfterLogout" time="2.532"/>
</testsuite> <!-- com.techexam.webdriver.tests.EdgeCaseTest -->
