<?xml version="1.0" encoding="UTF-8"?>
<!-- Generated by org.testng.reporters.JUnitReportReporter -->
<testsuite hostname="FARAE" failures="0" tests="9" name="com.techexam.webdriver.tests.LoginTest" time="26.771" errors="0" timestamp="2026-06-02T13:41:50 CST" skipped="0">
  <testcase classname="com.techexam.webdriver.tests.LoginTest" name="TC001_validLogin" time="2.699"/>
  <testcase classname="com.techexam.webdriver.tests.LoginTest" name="TC001_validLogin" time="2.416"/>
  <testcase classname="com.techexam.webdriver.tests.LoginTest" name="TC002_wrongPassword" time="2.609"/>
  <testcase classname="com.techexam.webdriver.tests.LoginTest" name="TC003_wrongUsername" time="2.937"/>
  <testcase classname="com.techexam.webdriver.tests.LoginTest" name="TC004_emptyCredentials" time="2.497"/>
  <testcase classname="com.techexam.webdriver.tests.LoginTest" name="TC005_emptyUsername" time="2.413"/>
  <testcase classname="com.techexam.webdriver.tests.LoginTest" name="TC006_emptyPassword" time="4.128"/>
  <testcase classname="com.techexam.webdriver.tests.LoginTest" name="TC007_logout" time="3.958"/>
  <testcase classname="com.techexam.webdriver.tests.LoginTest" name="TC007_logout" time="3.114"/>
</testsuite> <!-- com.techexam.webdriver.tests.LoginTest -->
